[Wed Nov 01 07:38:22 UTC 2023] Received com.atlassian.bitbucket.jenkins.internal.trigger.BitbucketWebhookConsumer$BitbucketSCMHeadEvent UPDATED event from test_repo with timestamp Wed Nov 01 07:38:22 UTC 2023
[Wed Nov 01 07:38:22 UTC 2023] Finished processing com.atlassian.bitbucket.jenkins.internal.trigger.BitbucketWebhookConsumer$BitbucketSCMHeadEvent UPDATED event from test_repo with timestamp Wed Nov 01 07:38:22 UTC 2023, processed in 4ms. Matched 0.
[Wed Nov 01 07:40:28 UTC 2023] Received com.atlassian.bitbucket.jenkins.internal.trigger.BitbucketWebhookConsumer$BitbucketSCMHeadEvent UPDATED event from test_repo with timestamp Wed Nov 01 07:40:28 UTC 2023
[Wed Nov 01 07:40:28 UTC 2023] Finished processing com.atlassian.bitbucket.jenkins.internal.trigger.BitbucketWebhookConsumer$BitbucketSCMHeadEvent UPDATED event from test_repo with timestamp Wed Nov 01 07:40:28 UTC 2023, processed in 0ms. Matched 0.
[Wed Nov 01 07:46:06 UTC 2023] Received com.atlassian.bitbucket.jenkins.internal.trigger.BitbucketWebhookConsumer$BitbucketSCMHeadEvent UPDATED event from test_repo with timestamp Wed Nov 01 07:46:06 UTC 2023
[Wed Nov 01 07:46:06 UTC 2023] Finished processing com.atlassian.bitbucket.jenkins.internal.trigger.BitbucketWebhookConsumer$BitbucketSCMHeadEvent UPDATED event from test_repo with timestamp Wed Nov 01 07:46:06 UTC 2023, processed in 0ms. Matched 0.
[Wed Nov 01 07:47:18 UTC 2023] Received com.atlassian.bitbucket.jenkins.internal.trigger.BitbucketWebhookConsumer$BitbucketSCMHeadEvent UPDATED event from test_repo with timestamp Wed Nov 01 07:47:18 UTC 2023
[Wed Nov 01 07:47:18 UTC 2023] Finished processing com.atlassian.bitbucket.jenkins.internal.trigger.BitbucketWebhookConsumer$BitbucketSCMHeadEvent UPDATED event from test_repo with timestamp Wed Nov 01 07:47:18 UTC 2023, processed in 1ms. Matched 0.
[Wed Nov 01 07:48:08 UTC 2023] Received com.atlassian.bitbucket.jenkins.internal.trigger.BitbucketWebhookConsumer$BitbucketSCMHeadEvent UPDATED event from test_repo with timestamp Wed Nov 01 07:48:08 UTC 2023
[Wed Nov 01 07:48:08 UTC 2023] Finished processing com.atlassian.bitbucket.jenkins.internal.trigger.BitbucketWebhookConsumer$BitbucketSCMHeadEvent UPDATED event from test_repo with timestamp Wed Nov 01 07:48:08 UTC 2023, processed in 0ms. Matched 0.
[Wed Nov 01 07:52:39 UTC 2023] Received com.atlassian.bitbucket.jenkins.internal.trigger.BitbucketWebhookConsumer$BitbucketSCMHeadEvent UPDATED event from test_repo with timestamp Wed Nov 01 07:52:39 UTC 2023
[Wed Nov 01 07:52:39 UTC 2023] Finished processing com.atlassian.bitbucket.jenkins.internal.trigger.BitbucketWebhookConsumer$BitbucketSCMHeadEvent UPDATED event from test_repo with timestamp Wed Nov 01 07:52:39 UTC 2023, processed in 0ms. Matched 0.
[Wed Nov 01 07:57:41 UTC 2023] Received com.atlassian.bitbucket.jenkins.internal.trigger.BitbucketWebhookConsumer$BitbucketSCMHeadEvent UPDATED event from test_repo with timestamp Wed Nov 01 07:57:41 UTC 2023
[Wed Nov 01 07:57:41 UTC 2023] Finished processing com.atlassian.bitbucket.jenkins.internal.trigger.BitbucketWebhookConsumer$BitbucketSCMHeadEvent UPDATED event from test_repo with timestamp Wed Nov 01 07:57:41 UTC 2023, processed in 0ms. Matched 0.
[Wed Nov 01 08:42:50 UTC 2023] Received com.atlassian.bitbucket.jenkins.internal.trigger.BitbucketWebhookConsumer$BitbucketSCMHeadEvent UPDATED event from test_repo with timestamp Wed Nov 01 08:42:50 UTC 2023
[Wed Nov 01 08:42:50 UTC 2023] Finished processing com.atlassian.bitbucket.jenkins.internal.trigger.BitbucketWebhookConsumer$BitbucketSCMHeadEvent UPDATED event from test_repo with timestamp Wed Nov 01 08:42:50 UTC 2023, processed in 14ms. Matched 0.
[Wed Nov 01 08:50:52 UTC 2023] Received com.atlassian.bitbucket.jenkins.internal.trigger.BitbucketWebhookConsumer$BitbucketSCMHeadEvent UPDATED event from test_repo with timestamp Wed Nov 01 08:50:52 UTC 2023
[Wed Nov 01 08:50:52 UTC 2023] Finished processing com.atlassian.bitbucket.jenkins.internal.trigger.BitbucketWebhookConsumer$BitbucketSCMHeadEvent UPDATED event from test_repo with timestamp Wed Nov 01 08:50:52 UTC 2023, processed in 0ms. Matched 0.
[Wed Nov 01 08:52:31 UTC 2023] Received com.atlassian.bitbucket.jenkins.internal.trigger.BitbucketWebhookConsumer$BitbucketSCMHeadEvent UPDATED event from test_repo with timestamp Wed Nov 01 08:52:31 UTC 2023
[Wed Nov 01 08:52:31 UTC 2023] Finished processing com.atlassian.bitbucket.jenkins.internal.trigger.BitbucketWebhookConsumer$BitbucketSCMHeadEvent UPDATED event from test_repo with timestamp Wed Nov 01 08:52:31 UTC 2023, processed in 0ms. Matched 0.
[Thu Nov 02 01:43:15 UTC 2023] Received com.atlassian.bitbucket.jenkins.internal.trigger.BitbucketWebhookConsumer$BitbucketSCMHeadEvent UPDATED event from test_repo with timestamp Thu Nov 02 01:43:15 UTC 2023
[Thu Nov 02 01:43:15 UTC 2023] Finished processing com.atlassian.bitbucket.jenkins.internal.trigger.BitbucketWebhookConsumer$BitbucketSCMHeadEvent UPDATED event from test_repo with timestamp Thu Nov 02 01:43:15 UTC 2023, processed in 5ms. Matched 0.
[Thu Nov 02 01:44:31 UTC 2023] Received com.atlassian.bitbucket.jenkins.internal.trigger.BitbucketWebhookConsumer$BitbucketSCMHeadEvent UPDATED event from test_repo with timestamp Thu Nov 02 01:44:31 UTC 2023
[Thu Nov 02 01:44:31 UTC 2023] Finished processing com.atlassian.bitbucket.jenkins.internal.trigger.BitbucketWebhookConsumer$BitbucketSCMHeadEvent UPDATED event from test_repo with timestamp Thu Nov 02 01:44:31 UTC 2023, processed in 2ms. Matched 0.
[Thu Nov 02 01:49:36 UTC 2023] Received com.atlassian.bitbucket.jenkins.internal.trigger.BitbucketWebhookConsumer$BitbucketSCMHeadEvent UPDATED event from test_repo with timestamp Thu Nov 02 01:49:36 UTC 2023
[Thu Nov 02 01:49:36 UTC 2023] Finished processing com.atlassian.bitbucket.jenkins.internal.trigger.BitbucketWebhookConsumer$BitbucketSCMHeadEvent UPDATED event from test_repo with timestamp Thu Nov 02 01:49:36 UTC 2023, processed in 0ms. Matched 0.
[Fri Nov 03 02:11:18 UTC 2023] Received com.atlassian.bitbucket.jenkins.internal.trigger.BitbucketWebhookConsumer$BitbucketSCMHeadEvent UPDATED event from test_repo with timestamp Fri Nov 03 02:11:18 UTC 2023
[Fri Nov 03 02:11:18 UTC 2023] Finished processing com.atlassian.bitbucket.jenkins.internal.trigger.BitbucketWebhookConsumer$BitbucketSCMHeadEvent UPDATED event from test_repo with timestamp Fri Nov 03 02:11:18 UTC 2023, processed in 69ms. Matched 0.
[Fri Nov 03 02:12:36 UTC 2023] Received com.atlassian.bitbucket.jenkins.internal.trigger.BitbucketWebhookConsumer$BitbucketSCMHeadEvent UPDATED event from test_repo with timestamp Fri Nov 03 02:12:36 UTC 2023
[Fri Nov 03 02:12:36 UTC 2023] Finished processing com.atlassian.bitbucket.jenkins.internal.trigger.BitbucketWebhookConsumer$BitbucketSCMHeadEvent UPDATED event from test_repo with timestamp Fri Nov 03 02:12:36 UTC 2023, processed in 0ms. Matched 0.
[Fri Nov 03 02:16:40 UTC 2023] Received com.atlassian.bitbucket.jenkins.internal.trigger.BitbucketWebhookConsumer$BitbucketSCMHeadEvent UPDATED event from test_repo with timestamp Fri Nov 03 02:16:40 UTC 2023
[Fri Nov 03 02:16:40 UTC 2023] Finished processing com.atlassian.bitbucket.jenkins.internal.trigger.BitbucketWebhookConsumer$BitbucketSCMHeadEvent UPDATED event from test_repo with timestamp Fri Nov 03 02:16:40 UTC 2023, processed in 1ms. Matched 0.
[Fri Nov 03 02:18:06 UTC 2023] Received com.atlassian.bitbucket.jenkins.internal.trigger.BitbucketWebhookConsumer$BitbucketSCMHeadEvent UPDATED event from test_repo with timestamp Fri Nov 03 02:18:06 UTC 2023
[Fri Nov 03 02:18:06 UTC 2023] Finished processing com.atlassian.bitbucket.jenkins.internal.trigger.BitbucketWebhookConsumer$BitbucketSCMHeadEvent UPDATED event from test_repo with timestamp Fri Nov 03 02:18:06 UTC 2023, processed in 0ms. Matched 0.
